Total Memory: 7.692127227783203
Free Memory: 0.9191932678222656
Platform: win32
Uptime: 0.34626722222222217
CPU Model: 12th Gen Intel(R) Core(TM) i5-1235U

Total Memory: 7.692127227783203
Free Memory: 0.9203262329101562
Platform: win32
Uptime: 0.34766055555555553
CPU Model: 12th Gen Intel(R) Core(TM) i5-1235U

Total Memory: 7.692127227783203
Free Memory: 0.9585609436035156
Platform: win32
Uptime: 0.3490494444444444
CPU Model: 12th Gen Intel(R) Core(TM) i5-1235U

Total Memory: 7.692127227783203
Free Memory: 0.99322509765625
Platform: win32
Uptime: 0.35044250000000005
CPU Model: 12th Gen Intel(R) Core(TM) i5-1235U

